<?xml version="1.0" encoding="UTF-8"?>
<!-- Generated by org.testng.reporters.JUnitXMLReporter -->
<testsuite ignored="0" hostname="Ameet" failures="10" tests="11" name="Test" time="53.255" errors="0" timestamp="2025-07-11T12:41:18 IST">
  <testcase classname="testcases.RestAssured_TestCases" name="loginWithSeleniumAndGetCookie" time="46.783"/>
  <testcase classname="testcases.RestAssured_TestCases" name="GetEmpStatus" time="0.105">
    <failure type="java.lang.AssertionError" message="GetEmpStatus must be implementated using the Rest assured  methods only! expected [true] but found [false]">
      <![CDATA[java.lang.AssertionError: GetEmpStatus must be implementated using the Rest assured  methods only! expected [true] but found [false]
at testcases.RestAssured_TestCases.GetEmpStatus(RestAssured_TestCases.java:112)
at java.base/java.util.concurrent.ThreadPoolExecutor.runWorker(ThreadPoolExecutor.java:1136)
at java.base/java.util.concurrent.ThreadPoolExecutor$Worker.run(ThreadPoolExecutor.java:635)
at java.base/java.lang.Thread.run(Thread.java:833)
... Removed 15 stack frames]]>
    </failure>
  </testcase> <!-- GetEmpStatus -->
  <testcase classname="testcases.RestAssured_TestCases" name="GetJobTitle" time="0.016">
    <failure type="java.lang.AssertionError" message="GetJobTitle must be implementated using the Rest assured  methods only! expected [true] but found [false]">
      <![CDATA[java.lang.AssertionError: GetJobTitle must be implementated using the Rest assured  methods only! expected [true] but found [false]
at testcases.RestAssured_TestCases.GetJobTitle(RestAssured_TestCases.java:142)
at java.base/java.util.concurrent.ThreadPoolExecutor.runWorker(ThreadPoolExecutor.java:1136)
at java.base/java.util.concurrent.ThreadPoolExecutor$Worker.run(ThreadPoolExecutor.java:635)
at java.base/java.lang.Thread.run(Thread.java:833)
... Removed 15 stack frames]]>
    </failure>
  </testcase> <!-- GetJobTitle -->
  <testcase classname="testcases.RestAssured_TestCases" name="GetAdminSubunit" time="0.029">
    <failure type="java.lang.AssertionError" message="GetAdminSubunit must be implementated using the Rest assured  methods only! expected [true] but found [false]">
      <![CDATA[java.lang.AssertionError: GetAdminSubunit must be implementated using the Rest assured  methods only! expected [true] but found [false]
at testcases.RestAssured_TestCases.GetAdminSubunit(RestAssured_TestCases.java:170)
at java.base/java.util.concurrent.ThreadPoolExecutor.runWorker(ThreadPoolExecutor.java:1136)
at java.base/java.util.concurrent.ThreadPoolExecutor$Worker.run(ThreadPoolExecutor.java:635)
at java.base/java.lang.Thread.run(Thread.java:833)
... Removed 15 stack frames]]>
    </failure>
  </testcase> <!-- GetAdminSubunit -->
  <testcase classname="testcases.RestAssured_TestCases" name="GetPimEmp" time="0.023">
    <failure type="java.lang.AssertionError" message="GetPimEmp must be implementated using the Rest assured  methods only! expected [true] but found [false]">
      <![CDATA[java.lang.AssertionError: GetPimEmp must be implementated using the Rest assured  methods only! expected [true] but found [false]
at testcases.RestAssured_TestCases.GetPimEmp(RestAssured_TestCases.java:204)
at java.base/java.util.concurrent.ThreadPoolExecutor.runWorker(ThreadPoolExecutor.java:1136)
at java.base/java.util.concurrent.ThreadPoolExecutor$Worker.run(ThreadPoolExecutor.java:635)
at java.base/java.lang.Thread.run(Thread.java:833)
... Removed 15 stack frames]]>
    </failure>
  </testcase> <!-- GetPimEmp -->
  <testcase classname="testcases.RestAssured_TestCases" name="GetReportASC" time="0.013">
    <failure type="java.lang.AssertionError" message="GetReportASC must be implementated using the Rest assured  methods only! expected [true] but found [false]">
      <![CDATA[java.lang.AssertionError: GetReportASC must be implementated using the Rest assured  methods only! expected [true] but found [false]
at testcases.RestAssured_TestCases.GetReportASC(RestAssured_TestCases.java:235)
at java.base/java.util.concurrent.ThreadPoolExecutor.runWorker(ThreadPoolExecutor.java:1136)
at java.base/java.util.concurrent.ThreadPoolExecutor$Worker.run(ThreadPoolExecutor.java:635)
at java.base/java.lang.Thread.run(Thread.java:833)
... Removed 15 stack frames]]>
    </failure>
  </testcase> <!-- GetReportASC -->
  <testcase classname="testcases.RestAssured_TestCases" name="GetLeaveEligibility" time="0.022">
    <failure type="java.lang.AssertionError" message="GetLeaveEligibility must be implementated using the Rest assured  methods only! expected [true] but found [false]">
      <![CDATA[java.lang.AssertionError: GetLeaveEligibility must be implementated using the Rest assured  methods only! expected [true] but found [false]
at testcases.RestAssured_TestCases.GetLeaveEligibility(RestAssured_TestCases.java:261)
at java.base/java.util.concurrent.ThreadPoolExecutor.runWorker(ThreadPoolExecutor.java:1136)
at java.base/java.util.concurrent.ThreadPoolExecutor$Worker.run(ThreadPoolExecutor.java:635)
at java.base/java.lang.Thread.run(Thread.java:833)
... Removed 15 stack frames]]>
    </failure>
  </testcase> <!-- GetLeaveEligibility -->
  <testcase classname="testcases.RestAssured_TestCases" name="PutAdminConfig" time="1.845">
    <failure type="java.lang.AssertionError" message="PutAdminConfig must be implementated using the Rest assured  methods only! expected [true] but found [false]">
      <![CDATA[java.lang.AssertionError: PutAdminConfig must be implementated using the Rest assured  methods only! expected [true] but found [false]
at testcases.RestAssured_TestCases.PutAdminConfig(RestAssured_TestCases.java:314)
at java.base/java.util.concurrent.ThreadPoolExecutor.runWorker(ThreadPoolExecutor.java:1136)
at java.base/java.util.concurrent.ThreadPoolExecutor$Worker.run(ThreadPoolExecutor.java:635)
at java.base/java.lang.Thread.run(Thread.java:833)
... Removed 15 stack frames]]>
    </failure>
  </testcase> <!-- PutAdminConfig -->
  <testcase classname="testcases.RestAssured_TestCases" name="PutOptionalField" time="0.195">
    <failure type="java.lang.AssertionError" message="PutOptionalField must be implementated using the Rest assured  methods only! expected [true] but found [false]">
      <![CDATA[java.lang.AssertionError: PutOptionalField must be implementated using the Rest assured  methods only! expected [true] but found [false]
at testcases.RestAssured_TestCases.PutOptionalField(RestAssured_TestCases.java:354)
at java.base/java.util.concurrent.ThreadPoolExecutor.runWorker(ThreadPoolExecutor.java:1136)
at java.base/java.util.concurrent.ThreadPoolExecutor$Worker.run(ThreadPoolExecutor.java:635)
at java.base/java.lang.Thread.run(Thread.java:833)
... Removed 15 stack frames]]>
    </failure>
  </testcase> <!-- PutOptionalField -->
  <testcase classname="testcases.RestAssured_TestCases" name="PostCustomField" time="0.154">
    <failure type="java.lang.AssertionError" message="PostCustomField must be implementated using the Rest assured  methods only! expected [true] but found [false]">
      <![CDATA[java.lang.AssertionError: PostCustomField must be implementated using the Rest assured  methods only! expected [true] but found [false]
at testcases.RestAssured_TestCases.PostCustomField(RestAssured_TestCases.java:385)
at java.base/java.util.concurrent.ThreadPoolExecutor.runWorker(ThreadPoolExecutor.java:1136)
at java.base/java.util.concurrent.ThreadPoolExecutor$Worker.run(ThreadPoolExecutor.java:635)
at java.base/java.lang.Thread.run(Thread.java:833)
... Removed 15 stack frames]]>
    </failure>
  </testcase> <!-- PostCustomField -->
  <testcase classname="testcases.RestAssured_TestCases" name="PutCustomField" time="0.259">
    <failure type="java.lang.AssertionError" message="PutCustomField must be implementated using the Rest assured  methods only! expected [true] but found [false]">
      <![CDATA[java.lang.AssertionError: PutCustomField must be implementated using the Rest assured  methods only! expected [true] but found [false]
at testcases.RestAssured_TestCases.PutCustomField(RestAssured_TestCases.java:415)
at java.base/java.util.concurrent.ThreadPoolExecutor.runWorker(ThreadPoolExecutor.java:1136)
at java.base/java.util.concurrent.ThreadPoolExecutor$Worker.run(ThreadPoolExecutor.java:635)
at java.base/java.lang.Thread.run(Thread.java:833)
... Removed 15 stack frames]]>
    </failure>
  </testcase> <!-- PutCustomField -->
</testsuite> <!-- Test -->
